{"C:\\formaciones\\skylab-coders\\202209\\week8\\demos\\projects-back\\src\\loadEnvironment.ts": {"path":"C:\\formaciones\\skylab-coders\\202209\\week8\\demos\\projects-back\\src\\loadEnvironment.ts","statementMap":{"0":{"start":{"line":1,"column":0},"end":{"line":1,"column":28}},"1":{"start":{"line":3,"column":0},"end":{"line":3,"column":16}},"2":{"start":{"line":5,"column":20},"end":{"line":8,"column":2}},"3":{"start":{"line":10,"column":0},"end":{"line":10,"column":27}}},"fnMap":{},"branchMap":{"0":{"loc":{"start":{"line":6,"column":8},"end":{"line":6,"column":33}},"type":"binary-expr","locations":[{"start":{"line":6,"column":8},"end":{"line":6,"column":25}},{"start":{"line":6,"column":29},"end":{"line":6,"column":33}}]}},"s":{"0":3,"1":3,"2":3,"3":3},"f":{},"b":{"0":[3,0]}}
,"C:\\formaciones\\skylab-coders\\202209\\week8\\demos\\projects-back\\src\\database\\index.ts": {"path":"C:\\formaciones\\skylab-coders\\202209\\week8\\demos\\projects-back\\src\\database\\index.ts","statementMap":{"0":{"start":{"line":1,"column":0},"end":{"line":1,"column":32}},"1":{"start":{"line":3,"column":18},"end":{"line":6,"column":1}},"2":{"start":{"line":4,"column":2},"end":{"line":4,"column":30}},"3":{"start":{"line":5,"column":2},"end":{"line":5,"column":31}},"4":{"start":{"line":8,"column":0},"end":{"line":8,"column":25}}},"fnMap":{"0":{"name":"(anonymous_1)","decl":{"start":{"line":3,"column":18},"end":{"line":3,"column":23}},"loc":{"start":{"line":3,"column":40},"end":{"line":6,"column":1}}}},"branchMap":{},"s":{"0":1,"1":1,"2":1,"3":1,"4":1},"f":{"0":1},"b":{}}
,"C:\\formaciones\\skylab-coders\\202209\\week8\\demos\\projects-back\\src\\database\\models\\User.ts": {"path":"C:\\formaciones\\skylab-coders\\202209\\week8\\demos\\projects-back\\src\\database\\models\\User.ts","statementMap":{"0":{"start":{"line":1,"column":0},"end":{"line":1,"column":41}},"1":{"start":{"line":3,"column":19},"end":{"line":23,"column":2}},"2":{"start":{"line":25,"column":13},"end":{"line":25,"column":47}},"3":{"start":{"line":27,"column":0},"end":{"line":27,"column":20}}},"fnMap":{},"branchMap":{},"s":{"0":3,"1":3,"2":3,"3":3},"f":{},"b":{}}
,"C:\\formaciones\\skylab-coders\\202209\\week8\\demos\\projects-back\\src\\errors\\CustomError.ts": {"path":"C:\\formaciones\\skylab-coders\\202209\\week8\\demos\\projects-back\\src\\errors\\CustomError.ts","statementMap":{"0":{"start":{"line":7,"column":4},"end":{"line":7,"column":19}},"1":{"start":{"line":4,"column":11},"end":{"line":4,"column":32}},"2":{"start":{"line":5,"column":11},"end":{"line":5,"column":29}},"3":{"start":{"line":11,"column":0},"end":{"line":11,"column":27}}},"fnMap":{"0":{"name":"(anonymous_0)","decl":{"start":{"line":2,"column":2},"end":{"line":2,"column":null}},"loc":{"start":{"line":5,"column":29},"end":{"line":8,"column":3}}}},"branchMap":{},"s":{"0":6,"1":6,"2":6,"3":4},"f":{"0":6},"b":{}}
,"C:\\formaciones\\skylab-coders\\202209\\week8\\demos\\projects-back\\src\\server\\app.ts": {"path":"C:\\formaciones\\skylab-coders\\202209\\week8\\demos\\projects-back\\src\\server\\app.ts","statementMap":{"0":{"start":{"line":1,"column":0},"end":{"line":1,"column":30}},"1":{"start":{"line":2,"column":0},"end":{"line":2,"column":28}},"2":{"start":{"line":3,"column":0},"end":{"line":3,"column":70}},"3":{"start":{"line":4,"column":0},"end":{"line":4,"column":55}},"4":{"start":{"line":5,"column":0},"end":{"line":5,"column":51}},"5":{"start":{"line":6,"column":0},"end":{"line":6,"column":44}},"6":{"start":{"line":7,"column":0},"end":{"line":7,"column":45}},"7":{"start":{"line":9,"column":12},"end":{"line":9,"column":21}},"8":{"start":{"line":11,"column":0},"end":{"line":11,"column":24}},"9":{"start":{"line":12,"column":0},"end":{"line":12,"column":23}},"10":{"start":{"line":13,"column":0},"end":{"line":13,"column":37}},"11":{"start":{"line":15,"column":0},"end":{"line":15,"column":19}},"12":{"start":{"line":16,"column":0},"end":{"line":16,"column":46}},"13":{"start":{"line":18,"column":0},"end":{"line":18,"column":23}},"14":{"start":{"line":19,"column":0},"end":{"line":19,"column":22}},"15":{"start":{"line":21,"column":0},"end":{"line":21,"column":19}}},"fnMap":{},"branchMap":{},"s":{"0":2,"1":2,"2":2,"3":2,"4":2,"5":2,"6":2,"7":2,"8":2,"9":2,"10":2,"11":2,"12":2,"13":2,"14":2,"15":2},"f":{},"b":{}}
,"C:\\formaciones\\skylab-coders\\202209\\week8\\demos\\projects-back\\src\\server\\paths.ts": {"path":"C:\\formaciones\\skylab-coders\\202209\\week8\\demos\\projects-back\\src\\server\\paths.ts","statementMap":{"0":{"start":{"line":1,"column":13},"end":{"line":6,"column":2}},"1":{"start":{"line":8,"column":13},"end":{"line":12,"column":2}},"2":{"start":{"line":14,"column":13},"end":{"line":14,"column":37}}},"fnMap":{},"branchMap":{},"s":{"0":2,"1":2,"2":2},"f":{},"b":{}}
,"C:\\formaciones\\skylab-coders\\202209\\week8\\demos\\projects-back\\src\\server\\controllers\\usersControllers.ts": {"path":"C:\\formaciones\\skylab-coders\\202209\\week8\\demos\\projects-back\\src\\server\\controllers\\usersControllers.ts","statementMap":{"0":{"start":{"line":2,"column":0},"end":{"line":2,"column":43}},"1":{"start":{"line":3,"column":0},"end":{"line":3,"column":30}},"2":{"start":{"line":4,"column":0},"end":{"line":4,"column":49}},"3":{"start":{"line":6,"column":0},"end":{"line":6,"column":54}},"4":{"start":{"line":8,"column":26},"end":{"line":43,"column":1}},"5":{"start":{"line":13,"column":40},"end":{"line":13,"column":48}},"6":{"start":{"line":15,"column":2},"end":{"line":42,"column":null}},"7":{"start":{"line":16,"column":27},"end":{"line":16,"column":58}},"8":{"start":{"line":18,"column":20},"end":{"line":23,"column":6}},"9":{"start":{"line":25,"column":4},"end":{"line":25,"column":57}},"10":{"start":{"line":27,"column":4},"end":{"line":34,"column":null}},"11":{"start":{"line":28,"column":26},"end":{"line":31,"column":null}},"12":{"start":{"line":33,"column":6},"end":{"line":33,"column":24}},"13":{"start":{"line":36,"column":24},"end":{"line":39,"column":null}},"14":{"start":{"line":41,"column":4},"end":{"line":41,"column":22}},"15":{"start":{"line":8,"column":13},"end":{"line":8,"column":26}}},"fnMap":{"0":{"name":"(anonymous_1)","decl":{"start":{"line":8,"column":26},"end":{"line":8,"column":31}},"loc":{"start":{"line":12,"column":4},"end":{"line":43,"column":1}}}},"branchMap":{"0":{"loc":{"start":{"line":27,"column":4},"end":{"line":34,"column":null}},"type":"if","locations":[{"start":{"line":27,"column":4},"end":{"line":34,"column":null}}]}},"s":{"0":3,"1":3,"2":3,"3":3,"4":3,"5":3,"6":3,"7":3,"8":3,"9":2,"10":1,"11":1,"12":1,"13":1,"14":1,"15":3},"f":{"0":3},"b":{"0":[1]}}
,"C:\\formaciones\\skylab-coders\\202209\\week8\\demos\\projects-back\\src\\server\\cors\\cors.ts": {"path":"C:\\formaciones\\skylab-coders\\202209\\week8\\demos\\projects-back\\src\\server\\cors\\cors.ts","statementMap":{"0":{"start":{"line":1,"column":0},"end":{"line":1,"column":24}},"1":{"start":{"line":3,"column":23},"end":{"line":3,"column":48}},"2":{"start":{"line":5,"column":23},"end":{"line":14,"column":2}},"3":{"start":{"line":7,"column":4},"end":{"line":10,"column":null}},"4":{"start":{"line":8,"column":6},"end":{"line":8,"column":36}},"5":{"start":{"line":9,"column":6},"end":{"line":9,"column":13}},"6":{"start":{"line":12,"column":4},"end":{"line":12,"column":38}},"7":{"start":{"line":16,"column":0},"end":{"line":16,"column":30}}},"fnMap":{"0":{"name":"(anonymous_1)","decl":{"start":{"line":6,"column":2},"end":{"line":6,"column":8}},"loc":{"start":{"line":6,"column":32},"end":{"line":13,"column":3}}}},"branchMap":{"0":{"loc":{"start":{"line":7,"column":4},"end":{"line":10,"column":null}},"type":"if","locations":[{"start":{"line":7,"column":4},"end":{"line":10,"column":null}}]},"1":{"loc":{"start":{"line":7,"column":8},"end":{"line":7,"column":64}},"type":"binary-expr","locations":[{"start":{"line":7,"column":8},"end":{"line":7,"column":22}},{"start":{"line":7,"column":26},"end":{"line":7,"column":64}}]}},"s":{"0":2,"1":2,"2":2,"3":2,"4":1,"5":1,"6":1,"7":2},"f":{"0":2},"b":{"0":[1],"1":[2,1]}}
,"C:\\formaciones\\skylab-coders\\202209\\week8\\demos\\projects-back\\src\\server\\middlewares\\errors.ts": {"path":"C:\\formaciones\\skylab-coders\\202209\\week8\\demos\\projects-back\\src\\server\\middlewares\\errors.ts","statementMap":{"0":{"start":{"line":1,"column":0},"end":{"line":1,"column":34}},"1":{"start":{"line":2,"column":0},"end":{"line":2,"column":53}},"2":{"start":{"line":3,"column":0},"end":{"line":3,"column":33}},"3":{"start":{"line":5,"column":0},"end":{"line":5,"column":54}},"4":{"start":{"line":6,"column":0},"end":{"line":6,"column":26}},"5":{"start":{"line":8,"column":14},"end":{"line":8,"column":69}},"6":{"start":{"line":10,"column":29},"end":{"line":21,"column":1}},"7":{"start":{"line":15,"column":16},"end":{"line":18,"column":null}},"8":{"start":{"line":20,"column":2},"end":{"line":20,"column":14}},"9":{"start":{"line":10,"column":13},"end":{"line":10,"column":29}},"10":{"start":{"line":23,"column":28},"end":{"line":45,"column":1}},"11":{"start":{"line":31,"column":4},"end":{"line":35,"column":21}},"12":{"start":{"line":33,"column":33},"end":{"line":33,"column":53}},"13":{"start":{"line":37,"column":2},"end":{"line":37,"column":51}},"14":{"start":{"line":39,"column":21},"end":{"line":39,"column":44}},"15":{"start":{"line":41,"column":4},"end":{"line":42,"column":71}},"16":{"start":{"line":44,"column":2},"end":{"line":44,"column":56}},"17":{"start":{"line":23,"column":13},"end":{"line":23,"column":28}}},"fnMap":{"0":{"name":"(anonymous_1)","decl":{"start":{"line":10,"column":29},"end":{"line":10,"column":null}},"loc":{"start":{"line":14,"column":4},"end":{"line":21,"column":1}}},"1":{"name":"(anonymous_2)","decl":{"start":{"line":23,"column":28},"end":{"line":23,"column":null}},"loc":{"start":{"line":29,"column":4},"end":{"line":45,"column":1}}},"2":{"name":"(anonymous_3)","decl":{"start":{"line":33,"column":15},"end":{"line":33,"column":16}},"loc":{"start":{"line":33,"column":33},"end":{"line":33,"column":53}}}},"branchMap":{"0":{"loc":{"start":{"line":31,"column":4},"end":{"line":35,"column":21}},"type":"cond-expr","locations":[{"start":{"line":32,"column":8},"end":{"line":34,"column":21}},{"start":{"line":35,"column":8},"end":{"line":35,"column":21}}]},"1":{"loc":{"start":{"line":39,"column":21},"end":{"line":39,"column":44}},"type":"binary-expr","locations":[{"start":{"line":39,"column":21},"end":{"line":39,"column":37}},{"start":{"line":39,"column":41},"end":{"line":39,"column":44}}]},"2":{"loc":{"start":{"line":41,"column":4},"end":{"line":42,"column":71}},"type":"binary-expr","locations":[{"start":{"line":41,"column":4},"end":{"line":41,"column":23}},{"start":{"line":42,"column":5},"end":{"line":42,"column":70}}]},"3":{"loc":{"start":{"line":42,"column":5},"end":{"line":42,"column":70}},"type":"cond-expr","locations":[{"start":{"line":42,"column":40},"end":{"line":42,"column":52}},{"start":{"line":42,"column":55},"end":{"line":42,"column":70}}]}},"s":{"0":3,"1":3,"2":3,"3":3,"4":3,"5":3,"6":3,"7":2,"8":2,"9":3,"10":3,"11":6,"12":0,"13":6,"14":6,"15":6,"16":6,"17":3},"f":{"0":2,"1":6,"2":0},"b":{"0":[0,6],"1":[6,3],"2":[6,3],"3":[0,3]}}
,"C:\\formaciones\\skylab-coders\\202209\\week8\\demos\\projects-back\\src\\server\\middlewares\\handleUpload.ts": {"path":"C:\\formaciones\\skylab-coders\\202209\\week8\\demos\\projects-back\\src\\server\\middlewares\\handleUpload.ts","statementMap":{"0":{"start":{"line":1,"column":0},"end":{"line":1,"column":29}},"1":{"start":{"line":2,"column":0},"end":{"line":2,"column":24}},"2":{"start":{"line":4,"column":0},"end":{"line":4,"column":42}},"3":{"start":{"line":5,"column":0},"end":{"line":5,"column":50}},"4":{"start":{"line":8,"column":21},"end":{"line":25,"column":1}},"5":{"start":{"line":13,"column":19},"end":{"line":13,"column":22}},"6":{"start":{"line":15,"column":22},"end":{"line":15,"column":69}},"7":{"start":{"line":17,"column":2},"end":{"line":20,"column":4}},"8":{"start":{"line":22,"column":2},"end":{"line":22,"column":32}},"9":{"start":{"line":24,"column":2},"end":{"line":24,"column":9}},"10":{"start":{"line":27,"column":0},"end":{"line":27,"column":28}}},"fnMap":{"0":{"name":"(anonymous_1)","decl":{"start":{"line":8,"column":21},"end":{"line":8,"column":26}},"loc":{"start":{"line":12,"column":4},"end":{"line":25,"column":1}}}},"branchMap":{},"s":{"0":2,"1":2,"2":2,"3":2,"4":2,"5":0,"6":0,"7":0,"8":0,"9":0,"10":2},"f":{"0":0},"b":{}}
,"C:\\formaciones\\skylab-coders\\202209\\week8\\demos\\projects-back\\src\\server\\middlewares\\ping.ts": {"path":"C:\\formaciones\\skylab-coders\\202209\\week8\\demos\\projects-back\\src\\server\\middlewares\\ping.ts","statementMap":{"0":{"start":{"line":3,"column":20},"end":{"line":6,"column":1}},"1":{"start":{"line":4,"column":2},"end":{"line":4,"column":17}},"2":{"start":{"line":5,"column":2},"end":{"line":5,"column":9}},"3":{"start":{"line":3,"column":13},"end":{"line":3,"column":20}}},"fnMap":{"0":{"name":"(anonymous_0)","decl":{"start":{"line":3,"column":20},"end":{"line":3,"column":21}},"loc":{"start":{"line":3,"column":72},"end":{"line":6,"column":1}}}},"branchMap":{},"s":{"0":2,"1":0,"2":0,"3":2},"f":{"0":0},"b":{}}
,"C:\\formaciones\\skylab-coders\\202209\\week8\\demos\\projects-back\\src\\server\\routers\\usersRouter.ts": {"path":"C:\\formaciones\\skylab-coders\\202209\\week8\\demos\\projects-back\\src\\server\\routers\\usersRouter.ts","statementMap":{"0":{"start":{"line":1,"column":0},"end":{"line":1,"column":30}},"1":{"start":{"line":2,"column":0},"end":{"line":2,"column":46}},"2":{"start":{"line":3,"column":0},"end":{"line":3,"column":28}},"3":{"start":{"line":4,"column":0},"end":{"line":4,"column":64}},"4":{"start":{"line":5,"column":0},"end":{"line":5,"column":58}},"5":{"start":{"line":6,"column":0},"end":{"line":6,"column":56}},"6":{"start":{"line":7,"column":0},"end":{"line":7,"column":60}},"7":{"start":{"line":9,"column":15},"end":{"line":11,"column":2}},"8":{"start":{"line":14,"column":20},"end":{"line":14,"column":36}},"9":{"start":{"line":16,"column":0},"end":{"line":22,"column":2}},"10":{"start":{"line":24,"column":0},"end":{"line":24,"column":27}}},"fnMap":{},"branchMap":{},"s":{"0":2,"1":2,"2":2,"3":2,"4":2,"5":2,"6":2,"7":2,"8":2,"9":2,"10":2},"f":{},"b":{}}
,"C:\\formaciones\\skylab-coders\\202209\\week8\\demos\\projects-back\\src\\server\\schemas\\usersSchemas.ts": {"path":"C:\\formaciones\\skylab-coders\\202209\\week8\\demos\\projects-back\\src\\server\\schemas\\usersSchemas.ts","statementMap":{"0":{"start":{"line":1,"column":0},"end":{"line":1,"column":41}},"1":{"start":{"line":3,"column":13},"end":{"line":9,"column":2}}},"fnMap":{},"branchMap":{},"s":{"0":2,"1":2},"f":{},"b":{}}
,"C:\\formaciones\\skylab-coders\\202209\\week8\\demos\\projects-back\\src\\server\\utils\\files.ts": {"path":"C:\\formaciones\\skylab-coders\\202209\\week8\\demos\\projects-back\\src\\server\\utils\\files.ts","statementMap":{"0":{"start":{"line":1,"column":0},"end":{"line":1,"column":24}},"1":{"start":{"line":2,"column":0},"end":{"line":2,"column":29}},"2":{"start":{"line":4,"column":29},"end":{"line":10,"column":1}},"3":{"start":{"line":5,"column":28},"end":{"line":5,"column":54}},"4":{"start":{"line":7,"column":4},"end":{"line":7,"column":77}},"5":{"start":{"line":9,"column":2},"end":{"line":9,"column":21}},"6":{"start":{"line":4,"column":13},"end":{"line":4,"column":29}},"7":{"start":{"line":12,"column":32},"end":{"line":30,"column":1}},"8":{"start":{"line":17,"column":20},"end":{"line":17,"column":47}},"9":{"start":{"line":18,"column":47},"end":{"line":18,"column":49}},"10":{"start":{"line":20,"column":2},"end":{"line":27,"column":7}},"11":{"start":{"line":23,"column":8},"end":{"line":23,"column":76}},"12":{"start":{"line":26,"column":6},"end":{"line":26,"column":65}},"13":{"start":{"line":29,"column":2},"end":{"line":29,"column":36}},"14":{"start":{"line":12,"column":13},"end":{"line":12,"column":32}}},"fnMap":{"0":{"name":"(anonymous_1)","decl":{"start":{"line":4,"column":29},"end":{"line":4,"column":30}},"loc":{"start":{"line":4,"column":76},"end":{"line":10,"column":1}}},"1":{"name":"(anonymous_2)","decl":{"start":{"line":12,"column":32},"end":{"line":12,"column":37}},"loc":{"start":{"line":16,"column":4},"end":{"line":30,"column":1}}},"2":{"name":"(anonymous_3)","decl":{"start":{"line":22,"column":6},"end":{"line":22,"column":7}},"loc":{"start":{"line":23,"column":8},"end":{"line":23,"column":76}}},"3":{"name":"(anonymous_4)","decl":{"start":{"line":25,"column":13},"end":{"line":25,"column":14}},"loc":{"start":{"line":25,"column":22},"end":{"line":27,"column":5}}}},"branchMap":{"0":{"loc":{"start":{"line":23,"column":8},"end":{"line":23,"column":76}},"type":"binary-expr","locations":[{"start":{"line":23,"column":8},"end":{"line":23,"column":42}},{"start":{"line":23,"column":46},"end":{"line":23,"column":76}}]}},"s":{"0":2,"1":2,"2":2,"3":0,"4":0,"5":0,"6":2,"7":2,"8":1,"9":1,"10":1,"11":0,"12":0,"13":1,"14":2},"f":{"0":0,"1":1,"2":0,"3":0},"b":{"0":[0,0]}}
}
