TN:
SF:src\loadEnvironment.ts
FNF:0
FNH:0
DA:1,3
DA:3,3
DA:5,3
DA:10,3
LF:4
LH:4
BRDA:6,0,0,3
BRDA:6,0,1,0
BRF:2
BRH:1
end_of_record
TN:
SF:src\database\index.ts
FN:3,(anonymous_1)
FNF:1
FNH:1
FNDA:1,(anonymous_1)
DA:1,1
DA:3,1
DA:4,1
DA:5,1
DA:8,1
LF:5
LH:5
BRF:0
BRH:0
end_of_record
TN:
SF:src\database\models\User.ts
FNF:0
FNH:0
DA:1,3
DA:3,3
DA:25,3
DA:27,3
LF:4
LH:4
BRF:0
BRH:0
end_of_record
TN:
SF:src\errors\CustomError.ts
FN:2,(anonymous_0)
FNF:1
FNH:1
FNDA:6,(anonymous_0)
DA:4,6
DA:5,6
DA:7,6
DA:11,4
LF:4
LH:4
BRF:0
BRH:0
end_of_record
TN:
SF:src\server\app.ts
FNF:0
FNH:0
DA:1,2
DA:2,2
DA:3,2
DA:4,2
DA:5,2
DA:6,2
DA:7,2
DA:9,2
DA:11,2
DA:12,2
DA:13,2
DA:15,2
DA:16,2
DA:18,2
DA:19,2
DA:21,2
LF:16
LH:16
BRF:0
BRH:0
end_of_record
TN:
SF:src\server\paths.ts
FNF:0
FNH:0
DA:1,2
DA:8,2
DA:14,2
LF:3
LH:3
BRF:0
BRH:0
end_of_record
TN:
SF:src\server\controllers\usersControllers.ts
FN:8,(anonymous_1)
FNF:1
FNH:1
FNDA:3,(anonymous_1)
DA:2,3
DA:3,3
DA:4,3
DA:6,3
DA:8,3
DA:13,3
DA:15,3
DA:16,3
DA:18,3
DA:25,2
DA:27,1
DA:28,1
DA:33,1
DA:36,1
DA:41,1
LF:15
LH:15
BRDA:27,0,0,1
BRF:1
BRH:1
end_of_record
TN:
SF:src\server\cors\cors.ts
FN:6,(anonymous_1)
FNF:1
FNH:1
FNDA:2,(anonymous_1)
DA:1,2
DA:3,2
DA:5,2
DA:7,2
DA:8,1
DA:9,1
DA:12,1
DA:16,2
LF:8
LH:8
BRDA:7,0,0,1
BRDA:7,1,0,2
BRDA:7,1,1,1
BRF:3
BRH:3
end_of_record
TN:
SF:src\server\middlewares\errors.ts
FN:10,(anonymous_1)
FN:23,(anonymous_2)
FN:33,(anonymous_3)
FNF:3
FNH:2
FNDA:2,(anonymous_1)
FNDA:6,(anonymous_2)
FNDA:0,(anonymous_3)
DA:1,3
DA:2,3
DA:3,3
DA:5,3
DA:6,3
DA:8,3
DA:10,3
DA:15,2
DA:20,2
DA:23,3
DA:31,6
DA:33,0
DA:37,6
DA:39,6
DA:41,6
DA:44,6
LF:16
LH:15
BRDA:31,0,0,0
BRDA:31,0,1,6
BRDA:39,1,0,6
BRDA:39,1,1,3
BRDA:41,2,0,6
BRDA:41,2,1,3
BRDA:42,3,0,0
BRDA:42,3,1,3
BRF:8
BRH:6
end_of_record
TN:
SF:src\server\middlewares\handleUpload.ts
FN:8,(anonymous_1)
FNF:1
FNH:0
FNDA:0,(anonymous_1)
DA:1,2
DA:2,2
DA:4,2
DA:5,2
DA:8,2
DA:13,0
DA:15,0
DA:17,0
DA:22,0
DA:24,0
DA:27,2
LF:11
LH:6
BRF:0
BRH:0
end_of_record
TN:
SF:src\server\middlewares\ping.ts
FN:3,(anonymous_0)
FNF:1
FNH:0
FNDA:0,(anonymous_0)
DA:3,2
DA:4,0
DA:5,0
LF:3
LH:1
BRF:0
BRH:0
end_of_record
TN:
SF:src\server\routers\usersRouter.ts
FNF:0
FNH:0
DA:1,2
DA:2,2
DA:3,2
DA:4,2
DA:5,2
DA:6,2
DA:7,2
DA:9,2
DA:14,2
DA:16,2
DA:24,2
LF:11
LH:11
BRF:0
BRH:0
end_of_record
TN:
SF:src\server\schemas\usersSchemas.ts
FNF:0
FNH:0
DA:1,2
DA:3,2
LF:2
LH:2
BRF:0
BRH:0
end_of_record
TN:
SF:src\server\utils\files.ts
FN:4,(anonymous_1)
FN:12,(anonymous_2)
FN:22,(anonymous_3)
FN:25,(anonymous_4)
FNF:4
FNH:1
FNDA:0,(anonymous_1)
FNDA:1,(anonymous_2)
FNDA:0,(anonymous_3)
FNDA:0,(anonymous_4)
DA:1,2
DA:2,2
DA:4,2
DA:5,0
DA:7,0
DA:9,0
DA:12,2
DA:17,1
DA:18,1
DA:20,1
DA:23,0
DA:26,0
DA:29,1
LF:13
LH:8
BRDA:23,0,0,0
BRDA:23,0,1,0
BRF:2
BRH:0
end_of_record
